<?xml version="1.0" encoding="UTF-8"?>
<testng-results ignored="0" total="1" passed="1" failed="0" skipped="0">
  <reporter-output>
  </reporter-output>
  <suite started-at="2022-09-16T15:45:23 IST" name="Default suite" finished-at="2022-09-16T15:45:28 IST" duration-ms="4536">
    <groups>
    </groups>
    <test started-at="2022-09-16T15:45:23 IST" name="Default test" finished-at="2022-09-16T15:45:28 IST" duration-ms="4536">
      <class name="mobileworld1.Signin">
        <test-method signature="register()[pri:0, instance:mobileworld1.Signin@3059cbc]" started-at="2022-09-16T15:45:23 IST" name="register" finished-at="2022-09-16T15:45:28 IST" duration-ms="4501" status="PASS">
          <reporter-output>
          </reporter-output>
        </test-method> <!-- register -->
      </class> <!-- mobileworld1.Signin -->
    </test> <!-- Default test -->
  </suite> <!-- Default suite -->
</testng-results>
